0 info it worked if it ends with ok
1 verbose cli [ 'C:\\Program Files\\nodejs\\node.exe',
1 verbose cli   'C:\\Program Files\\nodejs\\node_modules\\npm\\bin\\npm-cli.js',
1 verbose cli   'start' ]
2 info using npm@3.8.6
3 info using node@v6.0.0
4 verbose run-script [ 'prestart', 'start', 'poststart' ]
5 info lifecycle synchrony-server@1.0.0~prestart: synchrony-server@1.0.0
6 silly lifecycle synchrony-server@1.0.0~prestart: no script for prestart, continuing
7 info lifecycle synchrony-server@1.0.0~start: synchrony-server@1.0.0
8 verbose lifecycle synchrony-server@1.0.0~start: unsafe-perm in lifecycle true
9 verbose lifecycle synchrony-server@1.0.0~start: PATH: C:\Users\Omar\AppData\Roaming\nvm\v6.0.0\node_modules\npm\bin\node-gyp-bin;C:\Users\Omar\Documents\SynchronousFidelity\server\node_modules\.bin;C:\Program Files\nodejs;C:\Program Files\Docker\Docker\Resources\bin;C:\Windows\system32;C:\Windows;C:\Windows\System32\Wbem;C:\Windows\System32\WindowsPowerShell\v1.0\;C:\adb;C:\Program Files (x86)\Git\cmd;C:\Program Files (x86)\Git\bin;C:\WINDOWS\system32;C:\WINDOWS;C:\WINDOWS\System32\Wbem;C:\WINDOWS\System32\WindowsPowerShell\v1.0\;C:\Program Files (x86)\NVIDIA Corporation\PhysX\Common;C:\Program Files\PostgreSQL\pg95\bin;C:\Program Files (x86)\Heroku\bin;C:\WINDOWS\system32;C:\WINDOWS;C:\WINDOWS\System32\Wbem;C:\WINDOWS\System32\WindowsPowerShell\v1.0\;C:\Users\Omar\AppData\Roaming\nvm;C:\Program Files\nodejs;C:\Program Files (x86)\Yarn\bin;C:\Users\Omar\AppData\Local\Programs\Python\Python36-32\Scripts\;C:\Users\Omar\AppData\Local\Programs\Python\Python36-32\;C:\Program Files\Java\jdk1.7.0_75\bin;C:\Users\Omar\AppData\Roaming\npm;C:\Program Files\MongoDB\Server\3.2\bin;C:\Program Files\Sublime Text 3;C:\Users\Omar\AppData\Local\Microsoft\WindowsApps;C:\Users\Omar\AppData\Roaming\nvm;C:\Program Files\nodejs;C:\Users\Omar\AppData\Local\Yarn\.bin
10 verbose lifecycle synchrony-server@1.0.0~start: CWD: C:\Users\Omar\Documents\SynchronousFidelity\server
11 silly lifecycle synchrony-server@1.0.0~start: Args: [ '/d /s /c', 'node server.js' ]
12 silly lifecycle synchrony-server@1.0.0~start: Returned: code: 1  signal: null
13 info lifecycle synchrony-server@1.0.0~start: Failed to exec start script
14 verbose stack Error: synchrony-server@1.0.0 start: `node server.js`
14 verbose stack Exit status 1
14 verbose stack     at EventEmitter.<anonymous> (C:\Users\Omar\AppData\Roaming\nvm\v6.0.0\node_modules\npm\lib\utils\lifecycle.js:239:16)
14 verbose stack     at emitTwo (events.js:106:13)
14 verbose stack     at EventEmitter.emit (events.js:191:7)
14 verbose stack     at ChildProcess.<anonymous> (C:\Users\Omar\AppData\Roaming\nvm\v6.0.0\node_modules\npm\lib\utils\spawn.js:24:14)
14 verbose stack     at emitTwo (events.js:106:13)
14 verbose stack     at ChildProcess.emit (events.js:191:7)
14 verbose stack     at maybeClose (internal/child_process.js:850:16)
14 verbose stack     at Process.ChildProcess._handle.onexit (internal/child_process.js:215:5)
15 verbose pkgid synchrony-server@1.0.0
16 verbose cwd C:\Users\Omar\Documents\SynchronousFidelity\server
17 error Windows_NT 10.0.14393
18 error argv "C:\\Program Files\\nodejs\\node.exe" "C:\\Program Files\\nodejs\\node_modules\\npm\\bin\\npm-cli.js" "start"
19 error node v6.0.0
20 error npm  v3.8.6
21 error code ELIFECYCLE
22 error synchrony-server@1.0.0 start: `node server.js`
22 error Exit status 1
23 error Failed at the synchrony-server@1.0.0 start script 'node server.js'.
23 error Make sure you have the latest version of node.js and npm installed.
23 error If you do, this is most likely a problem with the synchrony-server package,
23 error not with npm itself.
23 error Tell the author that this fails on your system:
23 error     node server.js
23 error You can get information on how to open an issue for this project with:
23 error     npm bugs synchrony-server
23 error Or if that isn't available, you can get their info via:
23 error     npm owner ls synchrony-server
23 error There is likely additional logging output above.
24 verbose exit [ 1, true ]
